{"/home/glaucovillasboas/Workspace/Web/Bootcamp/projeto_14_mywallet/MyWallet Back/src/app.js": {"path":"/home/glaucovillasboas/Workspace/Web/Bootcamp/projeto_14_mywallet/MyWallet Back/src/app.js","statementMap":{"0":{"start":{"line":8,"column":12},"end":{"line":8,"column":21}},"1":{"start":{"line":9,"column":0},"end":{"line":9,"column":24}},"2":{"start":{"line":10,"column":0},"end":{"line":10,"column":16}},"3":{"start":{"line":12,"column":0},"end":{"line":12,"column":44}},"4":{"start":{"line":14,"column":0},"end":{"line":14,"column":44}},"5":{"start":{"line":16,"column":0},"end":{"line":16,"column":74}},"6":{"start":{"line":18,"column":0},"end":{"line":18,"column":71}}},"fnMap":{},"branchMap":{},"s":{"0":2,"1":2,"2":2,"3":2,"4":2,"5":2,"6":2},"f":{},"b":{},"_coverageSchema":"1a1c01bbd47fc00a2c39e90264f33305004495a9","hash":"8bceacac5a574f41adca93549a518e7bff71e268"}
,"/home/glaucovillasboas/Workspace/Web/Bootcamp/projeto_14_mywallet/MyWallet Back/src/setup.js": {"path":"/home/glaucovillasboas/Workspace/Web/Bootcamp/projeto_14_mywallet/MyWallet Back/src/setup.js","statementMap":{"0":{"start":{"line":3,"column":14},"end":{"line":3,"column":24}},"1":{"start":{"line":5,"column":0},"end":{"line":7,"column":1}},"2":{"start":{"line":6,"column":2},"end":{"line":6,"column":19}},"3":{"start":{"line":9,"column":0},"end":{"line":11,"column":1}},"4":{"start":{"line":10,"column":2},"end":{"line":10,"column":24}},"5":{"start":{"line":13,"column":0},"end":{"line":15,"column":3}}},"fnMap":{},"branchMap":{"0":{"loc":{"start":{"line":5,"column":0},"end":{"line":7,"column":1}},"type":"if","locations":[{"start":{"line":5,"column":0},"end":{"line":7,"column":1}},{"start":{},"end":{}}],"line":5},"1":{"loc":{"start":{"line":9,"column":0},"end":{"line":11,"column":1}},"type":"if","locations":[{"start":{"line":9,"column":0},"end":{"line":11,"column":1}},{"start":{},"end":{}}],"line":9}},"s":{"0":2,"1":2,"2":0,"3":2,"4":2,"5":2},"f":{},"b":{"0":[0,2],"1":[2,0]},"_coverageSchema":"1a1c01bbd47fc00a2c39e90264f33305004495a9","hash":"51e0d17d23b7847f6c3d979ca999810a20ee0eb3"}
,"/home/glaucovillasboas/Workspace/Web/Bootcamp/projeto_14_mywallet/MyWallet Back/src/controllers/transactions.controller.js": {"path":"/home/glaucovillasboas/Workspace/Web/Bootcamp/projeto_14_mywallet/MyWallet Back/src/controllers/transactions.controller.js","statementMap":{"0":{"start":{"line":4,"column":26},"end":{"line":19,"column":1}},"1":{"start":{"line":5,"column":2},"end":{"line":7,"column":3}},"2":{"start":{"line":6,"column":4},"end":{"line":6,"column":31}},"3":{"start":{"line":9,"column":20},"end":{"line":9,"column":28}},"4":{"start":{"line":10,"column":19},"end":{"line":10,"column":29}},"5":{"start":{"line":12,"column":22},"end":{"line":12,"column":93}},"6":{"start":{"line":14,"column":2},"end":{"line":16,"column":3}},"7":{"start":{"line":15,"column":4},"end":{"line":15,"column":31}},"8":{"start":{"line":18,"column":2},"end":{"line":18,"column":29}},"9":{"start":{"line":21,"column":24},"end":{"line":29,"column":1}},"10":{"start":{"line":22,"column":19},"end":{"line":22,"column":29}},"11":{"start":{"line":23,"column":23},"end":{"line":23,"column":85}},"12":{"start":{"line":24,"column":2},"end":{"line":26,"column":3}},"13":{"start":{"line":25,"column":4},"end":{"line":25,"column":31}},"14":{"start":{"line":28,"column":2},"end":{"line":28,"column":32}}},"fnMap":{"0":{"name":"(anonymous_0)","decl":{"start":{"line":4,"column":26},"end":{"line":4,"column":27}},"loc":{"start":{"line":4,"column":46},"end":{"line":19,"column":1}},"line":4},"1":{"name":"(anonymous_1)","decl":{"start":{"line":21,"column":24},"end":{"line":21,"column":25}},"loc":{"start":{"line":21,"column":44},"end":{"line":29,"column":1}},"line":21}},"branchMap":{"0":{"loc":{"start":{"line":5,"column":2},"end":{"line":7,"column":3}},"type":"if","locations":[{"start":{"line":5,"column":2},"end":{"line":7,"column":3}},{"start":{},"end":{}}],"line":5},"1":{"loc":{"start":{"line":14,"column":2},"end":{"line":16,"column":3}},"type":"if","locations":[{"start":{"line":14,"column":2},"end":{"line":16,"column":3}},{"start":{},"end":{}}],"line":14},"2":{"loc":{"start":{"line":24,"column":2},"end":{"line":26,"column":3}},"type":"if","locations":[{"start":{"line":24,"column":2},"end":{"line":26,"column":3}},{"start":{},"end":{}}],"line":24}},"s":{"0":2,"1":2,"2":0,"3":2,"4":2,"5":2,"6":2,"7":0,"8":2,"9":2,"10":2,"11":2,"12":2,"13":0,"14":2},"f":{"0":2,"1":2},"b":{"0":[0,2],"1":[0,2],"2":[0,2]},"_coverageSchema":"1a1c01bbd47fc00a2c39e90264f33305004495a9","hash":"02a67b031fe8c564c40264044214a4d5816ebf8c"}
,"/home/glaucovillasboas/Workspace/Web/Bootcamp/projeto_14_mywallet/MyWallet Back/src/controllers/user.controller.js": {"path":"/home/glaucovillasboas/Workspace/Web/Bootcamp/projeto_14_mywallet/MyWallet Back/src/controllers/user.controller.js","statementMap":{"0":{"start":{"line":5,"column":15},"end":{"line":21,"column":1}},"1":{"start":{"line":6,"column":2},"end":{"line":8,"column":3}},"2":{"start":{"line":7,"column":4},"end":{"line":7,"column":31}},"3":{"start":{"line":10,"column":15},"end":{"line":10,"column":53}},"4":{"start":{"line":12,"column":2},"end":{"line":14,"column":3}},"5":{"start":{"line":13,"column":4},"end":{"line":13,"column":31}},"6":{"start":{"line":16,"column":2},"end":{"line":18,"column":3}},"7":{"start":{"line":17,"column":4},"end":{"line":17,"column":31}},"8":{"start":{"line":20,"column":2},"end":{"line":20,"column":29}},"9":{"start":{"line":23,"column":15},"end":{"line":41,"column":1}},"10":{"start":{"line":24,"column":2},"end":{"line":26,"column":3}},"11":{"start":{"line":25,"column":4},"end":{"line":25,"column":31}},"12":{"start":{"line":28,"column":15},"end":{"line":28,"column":59}},"13":{"start":{"line":30,"column":2},"end":{"line":32,"column":3}},"14":{"start":{"line":31,"column":4},"end":{"line":31,"column":31}},"15":{"start":{"line":34,"column":2},"end":{"line":36,"column":3}},"16":{"start":{"line":35,"column":4},"end":{"line":35,"column":31}},"17":{"start":{"line":38,"column":2},"end":{"line":40,"column":5}}},"fnMap":{"0":{"name":"(anonymous_0)","decl":{"start":{"line":5,"column":15},"end":{"line":5,"column":16}},"loc":{"start":{"line":5,"column":35},"end":{"line":21,"column":1}},"line":5},"1":{"name":"(anonymous_1)","decl":{"start":{"line":23,"column":15},"end":{"line":23,"column":16}},"loc":{"start":{"line":23,"column":35},"end":{"line":41,"column":1}},"line":23}},"branchMap":{"0":{"loc":{"start":{"line":6,"column":2},"end":{"line":8,"column":3}},"type":"if","locations":[{"start":{"line":6,"column":2},"end":{"line":8,"column":3}},{"start":{},"end":{}}],"line":6},"1":{"loc":{"start":{"line":12,"column":2},"end":{"line":14,"column":3}},"type":"if","locations":[{"start":{"line":12,"column":2},"end":{"line":14,"column":3}},{"start":{},"end":{}}],"line":12},"2":{"loc":{"start":{"line":16,"column":2},"end":{"line":18,"column":3}},"type":"if","locations":[{"start":{"line":16,"column":2},"end":{"line":18,"column":3}},{"start":{},"end":{}}],"line":16},"3":{"loc":{"start":{"line":24,"column":2},"end":{"line":26,"column":3}},"type":"if","locations":[{"start":{"line":24,"column":2},"end":{"line":26,"column":3}},{"start":{},"end":{}}],"line":24},"4":{"loc":{"start":{"line":30,"column":2},"end":{"line":32,"column":3}},"type":"if","locations":[{"start":{"line":30,"column":2},"end":{"line":32,"column":3}},{"start":{},"end":{}}],"line":30},"5":{"loc":{"start":{"line":34,"column":2},"end":{"line":36,"column":3}},"type":"if","locations":[{"start":{"line":34,"column":2},"end":{"line":36,"column":3}},{"start":{},"end":{}}],"line":34}},"s":{"0":2,"1":3,"2":1,"3":2,"4":2,"5":1,"6":1,"7":0,"8":1,"9":2,"10":4,"11":1,"12":3,"13":3,"14":2,"15":1,"16":0,"17":1},"f":{"0":3,"1":4},"b":{"0":[1,2],"1":[1,1],"2":[0,1],"3":[1,3],"4":[2,1],"5":[0,1]},"_coverageSchema":"1a1c01bbd47fc00a2c39e90264f33305004495a9","hash":"f7a9d5c480b19906419e22a0571ba8ad8dcb4080"}
,"/home/glaucovillasboas/Workspace/Web/Bootcamp/projeto_14_mywallet/MyWallet Back/src/database/connection.js": {"path":"/home/glaucovillasboas/Workspace/Web/Bootcamp/projeto_14_mywallet/MyWallet Back/src/database/connection.js","statementMap":{"0":{"start":{"line":3,"column":17},"end":{"line":3,"column":19}},"1":{"start":{"line":5,"column":15},"end":{"line":11,"column":1}},"2":{"start":{"line":13,"column":0},"end":{"line":20,"column":1}},"3":{"start":{"line":14,"column":2},"end":{"line":19,"column":4}},"4":{"start":{"line":22,"column":19},"end":{"line":22,"column":37}}},"fnMap":{},"branchMap":{"0":{"loc":{"start":{"line":13,"column":0},"end":{"line":20,"column":1}},"type":"if","locations":[{"start":{"line":13,"column":0},"end":{"line":20,"column":1}},{"start":{},"end":{}}],"line":13}},"s":{"0":2,"1":2,"2":2,"3":0,"4":2},"f":{},"b":{"0":[0,2]},"_coverageSchema":"1a1c01bbd47fc00a2c39e90264f33305004495a9","hash":"19a9cb30c25aa9e2e0157714b7a2ad156031b050"}
,"/home/glaucovillasboas/Workspace/Web/Bootcamp/projeto_14_mywallet/MyWallet Back/src/middlewares/auth.js": {"path":"/home/glaucovillasboas/Workspace/Web/Bootcamp/projeto_14_mywallet/MyWallet Back/src/middlewares/auth.js","statementMap":{"0":{"start":{"line":3,"column":13},"end":{"line":25,"column":1}},"1":{"start":{"line":4,"column":24},"end":{"line":4,"column":55}},"2":{"start":{"line":5,"column":16},"end":{"line":5,"column":49}},"3":{"start":{"line":7,"column":2},"end":{"line":9,"column":3}},"4":{"start":{"line":8,"column":4},"end":{"line":8,"column":31}},"5":{"start":{"line":13,"column":2},"end":{"line":17,"column":3}},"6":{"start":{"line":14,"column":4},"end":{"line":14,"column":53}},"7":{"start":{"line":16,"column":4},"end":{"line":16,"column":31}},"8":{"start":{"line":19,"column":2},"end":{"line":21,"column":3}},"9":{"start":{"line":20,"column":4},"end":{"line":20,"column":31}},"10":{"start":{"line":23,"column":2},"end":{"line":23,"column":25}},"11":{"start":{"line":24,"column":2},"end":{"line":24,"column":16}}},"fnMap":{"0":{"name":"(anonymous_0)","decl":{"start":{"line":3,"column":13},"end":{"line":3,"column":14}},"loc":{"start":{"line":3,"column":39},"end":{"line":25,"column":1}},"line":3}},"branchMap":{"0":{"loc":{"start":{"line":4,"column":24},"end":{"line":4,"column":55}},"type":"binary-expr","locations":[{"start":{"line":4,"column":24},"end":{"line":4,"column":49}},{"start":{"line":4,"column":53},"end":{"line":4,"column":55}}],"line":4},"1":{"loc":{"start":{"line":7,"column":2},"end":{"line":9,"column":3}},"type":"if","locations":[{"start":{"line":7,"column":2},"end":{"line":9,"column":3}},{"start":{},"end":{}}],"line":7},"2":{"loc":{"start":{"line":19,"column":2},"end":{"line":21,"column":3}},"type":"if","locations":[{"start":{"line":19,"column":2},"end":{"line":21,"column":3}},{"start":{},"end":{}}],"line":19}},"s":{"0":2,"1":10,"2":10,"3":10,"4":2,"5":8,"6":8,"7":4,"8":4,"9":0,"10":4,"11":4},"f":{"0":10},"b":{"0":[10,2],"1":[2,8],"2":[0,4]},"_coverageSchema":"1a1c01bbd47fc00a2c39e90264f33305004495a9","hash":"7f01c7d578cbc450eb441ea677978b6e145edf52"}
,"/home/glaucovillasboas/Workspace/Web/Bootcamp/projeto_14_mywallet/MyWallet Back/src/repositories/session.repository.js": {"path":"/home/glaucovillasboas/Workspace/Web/Bootcamp/projeto_14_mywallet/MyWallet Back/src/repositories/session.repository.js","statementMap":{"0":{"start":{"line":3,"column":28},"end":{"line":10,"column":1}},"1":{"start":{"line":4,"column":23},"end":{"line":7,"column":3}},"2":{"start":{"line":9,"column":2},"end":{"line":9,"column":30}}},"fnMap":{"0":{"name":"(anonymous_0)","decl":{"start":{"line":3,"column":28},"end":{"line":3,"column":29}},"loc":{"start":{"line":3,"column":50},"end":{"line":10,"column":1}},"line":3}},"branchMap":{},"s":{"0":2,"1":5,"2":5},"f":{"0":5},"b":{},"_coverageSchema":"1a1c01bbd47fc00a2c39e90264f33305004495a9","hash":"b5b816eb0fe69264f43112972bde850585a99c5d"}
,"/home/glaucovillasboas/Workspace/Web/Bootcamp/projeto_14_mywallet/MyWallet Back/src/repositories/transactions.repository.js": {"path":"/home/glaucovillasboas/Workspace/Web/Bootcamp/projeto_14_mywallet/MyWallet Back/src/repositories/transactions.repository.js","statementMap":{"0":{"start":{"line":3,"column":26},"end":{"line":14,"column":1}},"1":{"start":{"line":4,"column":2},"end":{"line":13,"column":3}},"2":{"start":{"line":5,"column":29},"end":{"line":8,"column":5}},"3":{"start":{"line":10,"column":4},"end":{"line":10,"column":33}},"4":{"start":{"line":12,"column":4},"end":{"line":12,"column":14}},"5":{"start":{"line":16,"column":33},"end":{"line":30,"column":1}},"6":{"start":{"line":17,"column":2},"end":{"line":29,"column":3}},"7":{"start":{"line":18,"column":30},"end":{"line":24,"column":5}},"8":{"start":{"line":26,"column":4},"end":{"line":26,"column":34}},"9":{"start":{"line":28,"column":4},"end":{"line":28,"column":16}}},"fnMap":{"0":{"name":"(anonymous_0)","decl":{"start":{"line":3,"column":26},"end":{"line":3,"column":27}},"loc":{"start":{"line":3,"column":55},"end":{"line":14,"column":1}},"line":3},"1":{"name":"(anonymous_1)","decl":{"start":{"line":16,"column":33},"end":{"line":16,"column":34}},"loc":{"start":{"line":16,"column":55},"end":{"line":30,"column":1}},"line":16}},"branchMap":{},"s":{"0":2,"1":2,"2":2,"3":2,"4":0,"5":2,"6":2,"7":2,"8":2,"9":0},"f":{"0":2,"1":2},"b":{},"_coverageSchema":"1a1c01bbd47fc00a2c39e90264f33305004495a9","hash":"78451d13b8ba4b814b85ec3e937b4b950d14f065"}
,"/home/glaucovillasboas/Workspace/Web/Bootcamp/projeto_14_mywallet/MyWallet Back/src/repositories/user.repository.js": {"path":"/home/glaucovillasboas/Workspace/Web/Bootcamp/projeto_14_mywallet/MyWallet Back/src/repositories/user.repository.js","statementMap":{"0":{"start":{"line":3,"column":19},"end":{"line":14,"column":1}},"1":{"start":{"line":4,"column":2},"end":{"line":13,"column":3}},"2":{"start":{"line":5,"column":22},"end":{"line":8,"column":5}},"3":{"start":{"line":10,"column":4},"end":{"line":10,"column":26}},"4":{"start":{"line":12,"column":4},"end":{"line":12,"column":14}},"5":{"start":{"line":16,"column":22},"end":{"line":26,"column":1}},"6":{"start":{"line":17,"column":2},"end":{"line":25,"column":3}},"7":{"start":{"line":18,"column":22},"end":{"line":21,"column":5}},"8":{"start":{"line":22,"column":4},"end":{"line":22,"column":29}},"9":{"start":{"line":24,"column":4},"end":{"line":24,"column":14}},"10":{"start":{"line":28,"column":24},"end":{"line":35,"column":1}},"11":{"start":{"line":29,"column":20},"end":{"line":32,"column":3}},"12":{"start":{"line":34,"column":2},"end":{"line":34,"column":27}}},"fnMap":{"0":{"name":"(anonymous_0)","decl":{"start":{"line":3,"column":19},"end":{"line":3,"column":20}},"loc":{"start":{"line":3,"column":56},"end":{"line":14,"column":1}},"line":3},"1":{"name":"(anonymous_1)","decl":{"start":{"line":16,"column":22},"end":{"line":16,"column":23}},"loc":{"start":{"line":16,"column":51},"end":{"line":26,"column":1}},"line":16},"2":{"name":"(anonymous_2)","decl":{"start":{"line":28,"column":24},"end":{"line":28,"column":25}},"loc":{"start":{"line":28,"column":45},"end":{"line":35,"column":1}},"line":28}},"branchMap":{},"s":{"0":2,"1":8,"2":8,"3":8,"4":0,"5":2,"6":5,"7":5,"8":3,"9":2,"10":2,"11":9,"12":9},"f":{"0":8,"1":5,"2":9},"b":{},"_coverageSchema":"1a1c01bbd47fc00a2c39e90264f33305004495a9","hash":"0f7a49cde8fdeeb00a87e985087f7f94ddd8f4c7"}
,"/home/glaucovillasboas/Workspace/Web/Bootcamp/projeto_14_mywallet/MyWallet Back/src/schemas/transactions.schema.js": {"path":"/home/glaucovillasboas/Workspace/Web/Bootcamp/projeto_14_mywallet/MyWallet Back/src/schemas/transactions.schema.js","statementMap":{"0":{"start":{"line":3,"column":26},"end":{"line":5,"column":2}}},"fnMap":{},"branchMap":{},"s":{"0":2},"f":{},"b":{},"_coverageSchema":"1a1c01bbd47fc00a2c39e90264f33305004495a9","hash":"b2c98fe2018940f07fb8a8b37e5779d86491dd4d"}
,"/home/glaucovillasboas/Workspace/Web/Bootcamp/projeto_14_mywallet/MyWallet Back/src/schemas/user.schema.js": {"path":"/home/glaucovillasboas/Workspace/Web/Bootcamp/projeto_14_mywallet/MyWallet Back/src/schemas/user.schema.js","statementMap":{"0":{"start":{"line":3,"column":15},"end":{"line":7,"column":2}},"1":{"start":{"line":9,"column":15},"end":{"line":12,"column":2}}},"fnMap":{},"branchMap":{},"s":{"0":2,"1":2},"f":{},"b":{},"_coverageSchema":"1a1c01bbd47fc00a2c39e90264f33305004495a9","hash":"95a1ce63728ea02591cdb424ba378bbce3aacb5a"}
,"/home/glaucovillasboas/Workspace/Web/Bootcamp/projeto_14_mywallet/MyWallet Back/src/services/session.service.js": {"path":"/home/glaucovillasboas/Workspace/Web/Bootcamp/projeto_14_mywallet/MyWallet Back/src/services/session.service.js","statementMap":{"0":{"start":{"line":6,"column":22},"end":{"line":39,"column":1}},"1":{"start":{"line":7,"column":15},"end":{"line":7,"column":62}},"2":{"start":{"line":9,"column":2},"end":{"line":11,"column":3}},"3":{"start":{"line":10,"column":4},"end":{"line":10,"column":16}},"4":{"start":{"line":13,"column":2},"end":{"line":15,"column":3}},"5":{"start":{"line":14,"column":4},"end":{"line":14,"column":16}},"6":{"start":{"line":18,"column":25},"end":{"line":24,"column":3}},"7":{"start":{"line":19,"column":4},"end":{"line":23,"column":6}},"8":{"start":{"line":26,"column":26},"end":{"line":26,"column":90}},"9":{"start":{"line":27,"column":2},"end":{"line":36,"column":3}},"10":{"start":{"line":28,"column":4},"end":{"line":28,"column":21}},"11":{"start":{"line":30,"column":4},"end":{"line":35,"column":5}},"12":{"start":{"line":31,"column":6},"end":{"line":31,"column":64}},"13":{"start":{"line":32,"column":6},"end":{"line":32,"column":36}},"14":{"start":{"line":34,"column":6},"end":{"line":34,"column":23}},"15":{"start":{"line":38,"column":2},"end":{"line":38,"column":66}}},"fnMap":{"0":{"name":"(anonymous_0)","decl":{"start":{"line":6,"column":22},"end":{"line":6,"column":23}},"loc":{"start":{"line":6,"column":53},"end":{"line":39,"column":1}},"line":6},"1":{"name":"(anonymous_1)","decl":{"start":{"line":18,"column":25},"end":{"line":18,"column":26}},"loc":{"start":{"line":18,"column":31},"end":{"line":24,"column":3}},"line":18}},"branchMap":{"0":{"loc":{"start":{"line":9,"column":2},"end":{"line":11,"column":3}},"type":"if","locations":[{"start":{"line":9,"column":2},"end":{"line":11,"column":3}},{"start":{},"end":{}}],"line":9},"1":{"loc":{"start":{"line":13,"column":2},"end":{"line":15,"column":3}},"type":"if","locations":[{"start":{"line":13,"column":2},"end":{"line":15,"column":3}},{"start":{},"end":{}}],"line":13},"2":{"loc":{"start":{"line":27,"column":2},"end":{"line":36,"column":3}},"type":"if","locations":[{"start":{"line":27,"column":2},"end":{"line":36,"column":3}},{"start":{"line":29,"column":9},"end":{"line":36,"column":3}}],"line":27}},"s":{"0":2,"1":7,"2":7,"3":1,"4":6,"5":1,"6":5,"7":5,"8":5,"9":5,"10":5,"11":0,"12":0,"13":0,"14":0,"15":5},"f":{"0":7,"1":5},"b":{"0":[1,6],"1":[1,5],"2":[5,0]},"_coverageSchema":"1a1c01bbd47fc00a2c39e90264f33305004495a9","hash":"6b73691c8fa9147f346fbd474344a2f96fa92b38"}
,"/home/glaucovillasboas/Workspace/Web/Bootcamp/projeto_14_mywallet/MyWallet Back/src/services/transactions.service.js": {"path":"/home/glaucovillasboas/Workspace/Web/Bootcamp/projeto_14_mywallet/MyWallet Back/src/services/transactions.service.js","statementMap":{"0":{"start":{"line":4,"column":26},"end":{"line":6,"column":1}},"1":{"start":{"line":5,"column":2},"end":{"line":5,"column":69}},"2":{"start":{"line":8,"column":24},"end":{"line":19,"column":1}},"3":{"start":{"line":9,"column":23},"end":{"line":9,"column":88}},"4":{"start":{"line":10,"column":16},"end":{"line":13,"column":3}},"5":{"start":{"line":11,"column":33},"end":{"line":11,"column":71}},"6":{"start":{"line":15,"column":2},"end":{"line":18,"column":4}}},"fnMap":{"0":{"name":"(anonymous_0)","decl":{"start":{"line":4,"column":26},"end":{"line":4,"column":27}},"loc":{"start":{"line":4,"column":55},"end":{"line":6,"column":1}},"line":4},"1":{"name":"(anonymous_1)","decl":{"start":{"line":8,"column":24},"end":{"line":8,"column":25}},"loc":{"start":{"line":8,"column":46},"end":{"line":19,"column":1}},"line":8},"2":{"name":"(anonymous_2)","decl":{"start":{"line":11,"column":4},"end":{"line":11,"column":5}},"loc":{"start":{"line":11,"column":33},"end":{"line":11,"column":71}},"line":11}},"branchMap":{},"s":{"0":2,"1":2,"2":2,"3":2,"4":2,"5":2,"6":2},"f":{"0":2,"1":2,"2":2},"b":{},"_coverageSchema":"1a1c01bbd47fc00a2c39e90264f33305004495a9","hash":"05496eb4b964026c6c627f067abc84b06b84b48a"}
,"/home/glaucovillasboas/Workspace/Web/Bootcamp/projeto_14_mywallet/MyWallet Back/src/services/user.service.js": {"path":"/home/glaucovillasboas/Workspace/Web/Bootcamp/projeto_14_mywallet/MyWallet Back/src/services/user.service.js","statementMap":{"0":{"start":{"line":4,"column":19},"end":{"line":14,"column":1}},"1":{"start":{"line":5,"column":15},"end":{"line":5,"column":62}},"2":{"start":{"line":7,"column":2},"end":{"line":9,"column":3}},"3":{"start":{"line":8,"column":4},"end":{"line":8,"column":16}},"4":{"start":{"line":11,"column":25},"end":{"line":11,"column":54}},"5":{"start":{"line":12,"column":22},"end":{"line":12,"column":96}},"6":{"start":{"line":13,"column":2},"end":{"line":13,"column":21}}},"fnMap":{"0":{"name":"(anonymous_0)","decl":{"start":{"line":4,"column":19},"end":{"line":4,"column":20}},"loc":{"start":{"line":4,"column":56},"end":{"line":14,"column":1}},"line":4}},"branchMap":{"0":{"loc":{"start":{"line":7,"column":2},"end":{"line":9,"column":3}},"type":"if","locations":[{"start":{"line":7,"column":2},"end":{"line":9,"column":3}},{"start":{},"end":{}}],"line":7}},"s":{"0":2,"1":2,"2":2,"3":1,"4":1,"5":1,"6":1},"f":{"0":2},"b":{"0":[1,1]},"_coverageSchema":"1a1c01bbd47fc00a2c39e90264f33305004495a9","hash":"012210bed349da3f04c0e048e4ede30b8e7b69d0"}
,"/home/glaucovillasboas/Workspace/Web/Bootcamp/projeto_14_mywallet/MyWallet Back/tests/factories/session.factory.js": {"path":"/home/glaucovillasboas/Workspace/Web/Bootcamp/projeto_14_mywallet/MyWallet Back/tests/factories/session.factory.js","statementMap":{"0":{"start":{"line":4,"column":22},"end":{"line":17,"column":1}},"1":{"start":{"line":5,"column":15},"end":{"line":9,"column":4}},"2":{"start":{"line":11,"column":18},"end":{"line":14,"column":4}},"3":{"start":{"line":16,"column":2},"end":{"line":16,"column":17}}},"fnMap":{"0":{"name":"(anonymous_0)","decl":{"start":{"line":4,"column":22},"end":{"line":4,"column":23}},"loc":{"start":{"line":4,"column":64},"end":{"line":17,"column":1}},"line":4}},"branchMap":{"0":{"loc":{"start":{"line":4,"column":29},"end":{"line":4,"column":59}},"type":"default-arg","locations":[{"start":{"line":4,"column":57},"end":{"line":4,"column":59}}],"line":4}},"s":{"0":1,"1":4,"2":4,"3":4},"f":{"0":4},"b":{"0":[4]},"_coverageSchema":"1a1c01bbd47fc00a2c39e90264f33305004495a9","hash":"dbcef5eb2b667453ef73c975a499ff01762caee4"}
,"/home/glaucovillasboas/Workspace/Web/Bootcamp/projeto_14_mywallet/MyWallet Back/tests/factories/transactions.factory.js": {"path":"/home/glaucovillasboas/Workspace/Web/Bootcamp/projeto_14_mywallet/MyWallet Back/tests/factories/transactions.factory.js","statementMap":{"0":{"start":{"line":4,"column":30},"end":{"line":9,"column":2}},"1":{"start":{"line":4,"column":51},"end":{"line":9,"column":1}},"2":{"start":{"line":11,"column":26},"end":{"line":20,"column":1}},"3":{"start":{"line":12,"column":26},"end":{"line":12,"column":58}},"4":{"start":{"line":13,"column":2},"end":{"line":15,"column":5}},"5":{"start":{"line":17,"column":2},"end":{"line":19,"column":4}}},"fnMap":{"0":{"name":"(anonymous_0)","decl":{"start":{"line":4,"column":30},"end":{"line":4,"column":31}},"loc":{"start":{"line":4,"column":51},"end":{"line":9,"column":1}},"line":4},"1":{"name":"(anonymous_1)","decl":{"start":{"line":11,"column":26},"end":{"line":11,"column":27}},"loc":{"start":{"line":11,"column":52},"end":{"line":20,"column":1}},"line":11}},"branchMap":{"0":{"loc":{"start":{"line":4,"column":31},"end":{"line":4,"column":45}},"type":"default-arg","locations":[{"start":{"line":4,"column":43},"end":{"line":4,"column":45}}],"line":4},"1":{"loc":{"start":{"line":5,"column":9},"end":{"line":8,"column":4}},"type":"binary-expr","locations":[{"start":{"line":5,"column":9},"end":{"line":5,"column":14}},{"start":{"line":5,"column":18},"end":{"line":8,"column":4}}],"line":5},"2":{"loc":{"start":{"line":11,"column":33},"end":{"line":11,"column":47}},"type":"default-arg","locations":[{"start":{"line":11,"column":45},"end":{"line":11,"column":47}}],"line":11}},"s":{"0":1,"1":3,"2":1,"3":0,"4":0,"5":0},"f":{"0":3,"1":0},"b":{"0":[3],"1":[3,3],"2":[0]},"_coverageSchema":"1a1c01bbd47fc00a2c39e90264f33305004495a9","hash":"612ca6e6d86e02f91ff5b8bb5d26cbfe7ddb0468"}
,"/home/glaucovillasboas/Workspace/Web/Bootcamp/projeto_14_mywallet/MyWallet Back/tests/factories/user.factory.js": {"path":"/home/glaucovillasboas/Workspace/Web/Bootcamp/projeto_14_mywallet/MyWallet Back/tests/factories/user.factory.js","statementMap":{"0":{"start":{"line":5,"column":19},"end":{"line":25,"column":1}},"1":{"start":{"line":6,"column":23},"end":{"line":6,"column":60}},"2":{"start":{"line":7,"column":19},"end":{"line":7,"column":48}},"3":{"start":{"line":8,"column":20},"end":{"line":8,"column":51}},"4":{"start":{"line":9,"column":25},"end":{"line":9,"column":70}},"5":{"start":{"line":11,"column":22},"end":{"line":17,"column":3}},"6":{"start":{"line":19,"column":2},"end":{"line":24,"column":4}},"7":{"start":{"line":27,"column":23},"end":{"line":37,"column":1}},"8":{"start":{"line":28,"column":23},"end":{"line":28,"column":60}},"9":{"start":{"line":29,"column":19},"end":{"line":29,"column":48}},"10":{"start":{"line":30,"column":20},"end":{"line":30,"column":51}},"11":{"start":{"line":32,"column":2},"end":{"line":36,"column":4}}},"fnMap":{"0":{"name":"(anonymous_0)","decl":{"start":{"line":5,"column":19},"end":{"line":5,"column":20}},"loc":{"start":{"line":5,"column":61},"end":{"line":25,"column":1}},"line":5},"1":{"name":"(anonymous_1)","decl":{"start":{"line":27,"column":23},"end":{"line":27,"column":24}},"loc":{"start":{"line":27,"column":59},"end":{"line":37,"column":1}},"line":27}},"branchMap":{"0":{"loc":{"start":{"line":5,"column":26},"end":{"line":5,"column":56}},"type":"default-arg","locations":[{"start":{"line":5,"column":54},"end":{"line":5,"column":56}}],"line":5},"1":{"loc":{"start":{"line":6,"column":23},"end":{"line":6,"column":60}},"type":"binary-expr","locations":[{"start":{"line":6,"column":23},"end":{"line":6,"column":31}},{"start":{"line":6,"column":35},"end":{"line":6,"column":60}}],"line":6},"2":{"loc":{"start":{"line":7,"column":19},"end":{"line":7,"column":48}},"type":"binary-expr","locations":[{"start":{"line":7,"column":19},"end":{"line":7,"column":23}},{"start":{"line":7,"column":27},"end":{"line":7,"column":48}}],"line":7},"3":{"loc":{"start":{"line":8,"column":20},"end":{"line":8,"column":51}},"type":"binary-expr","locations":[{"start":{"line":8,"column":20},"end":{"line":8,"column":25}},{"start":{"line":8,"column":29},"end":{"line":8,"column":51}}],"line":8},"4":{"loc":{"start":{"line":9,"column":41},"end":{"line":9,"column":65}},"type":"binary-expr","locations":[{"start":{"line":9,"column":41},"end":{"line":9,"column":49}},{"start":{"line":9,"column":53},"end":{"line":9,"column":65}}],"line":9},"5":{"loc":{"start":{"line":27,"column":24},"end":{"line":27,"column":54}},"type":"default-arg","locations":[{"start":{"line":27,"column":52},"end":{"line":27,"column":54}}],"line":27},"6":{"loc":{"start":{"line":28,"column":23},"end":{"line":28,"column":60}},"type":"binary-expr","locations":[{"start":{"line":28,"column":23},"end":{"line":28,"column":31}},{"start":{"line":28,"column":35},"end":{"line":28,"column":60}}],"line":28},"7":{"loc":{"start":{"line":29,"column":19},"end":{"line":29,"column":48}},"type":"binary-expr","locations":[{"start":{"line":29,"column":19},"end":{"line":29,"column":23}},{"start":{"line":29,"column":27},"end":{"line":29,"column":48}}],"line":29},"8":{"loc":{"start":{"line":30,"column":20},"end":{"line":30,"column":51}},"type":"binary-expr","locations":[{"start":{"line":30,"column":20},"end":{"line":30,"column":25}},{"start":{"line":30,"column":29},"end":{"line":30,"column":51}}],"line":30}},"s":{"0":2,"1":7,"2":7,"3":7,"4":7,"5":7,"6":7,"7":2,"8":4,"9":4,"10":4,"11":4},"f":{"0":7,"1":4},"b":{"0":[1],"1":[7,5],"2":[7,7],"3":[7,5],"4":[7,5],"5":[1],"6":[4,4],"7":[4,4],"8":[4,4]},"_coverageSchema":"1a1c01bbd47fc00a2c39e90264f33305004495a9","hash":"0a6939d805b5dd76e29383adf3eaf853bb718e51"}
,"/home/glaucovillasboas/Workspace/Web/Bootcamp/projeto_14_mywallet/MyWallet Back/tests/utils/database.js": {"path":"/home/glaucovillasboas/Workspace/Web/Bootcamp/projeto_14_mywallet/MyWallet Back/tests/utils/database.js","statementMap":{"0":{"start":{"line":4,"column":2},"end":{"line":4,"column":55}},"1":{"start":{"line":5,"column":2},"end":{"line":5,"column":51}},"2":{"start":{"line":6,"column":2},"end":{"line":6,"column":48}},"3":{"start":{"line":10,"column":2},"end":{"line":10,"column":25}}},"fnMap":{"0":{"name":"clearDatabase","decl":{"start":{"line":3,"column":22},"end":{"line":3,"column":35}},"loc":{"start":{"line":3,"column":38},"end":{"line":7,"column":1}},"line":3},"1":{"name":"closeConnection","decl":{"start":{"line":9,"column":22},"end":{"line":9,"column":37}},"loc":{"start":{"line":9,"column":40},"end":{"line":11,"column":1}},"line":9}},"branchMap":{},"s":{"0":17,"1":17,"2":17,"3":2},"f":{"0":17,"1":2},"b":{},"_coverageSchema":"1a1c01bbd47fc00a2c39e90264f33305004495a9","hash":"622dc0fb0f9b1ea2f0550a231406672849bd9211"}
}
