{"/home/glaucovillasboas/Workspace/Web/Bootcamp/projeto_14_mywallet/MyWallet Back/src/app.js": {"path":"/home/glaucovillasboas/Workspace/Web/Bootcamp/projeto_14_mywallet/MyWallet Back/src/app.js","statementMap":{"0":{"start":{"line":8,"column":12},"end":{"line":8,"column":21}},"1":{"start":{"line":9,"column":0},"end":{"line":9,"column":24}},"2":{"start":{"line":10,"column":0},"end":{"line":10,"column":16}},"3":{"start":{"line":12,"column":0},"end":{"line":12,"column":44}},"4":{"start":{"line":14,"column":0},"end":{"line":14,"column":44}},"5":{"start":{"line":16,"column":0},"end":{"line":56,"column":3}},"6":{"start":{"line":17,"column":33},"end":{"line":17,"column":41}},"7":{"start":{"line":18,"column":16},"end":{"line":18,"column":65}},"8":{"start":{"line":20,"column":2},"end":{"line":22,"column":3}},"9":{"start":{"line":21,"column":4},"end":{"line":21,"column":31}},"10":{"start":{"line":24,"column":2},"end":{"line":26,"column":3}},"11":{"start":{"line":25,"column":4},"end":{"line":25,"column":31}},"12":{"start":{"line":28,"column":2},"end":{"line":55,"column":3}},"13":{"start":{"line":29,"column":22},"end":{"line":37,"column":5}},"14":{"start":{"line":39,"column":17},"end":{"line":39,"column":34}},"15":{"start":{"line":41,"column":4},"end":{"line":43,"column":5}},"16":{"start":{"line":42,"column":6},"end":{"line":42,"column":33}},"17":{"start":{"line":45,"column":4},"end":{"line":50,"column":6}},"18":{"start":{"line":52,"column":4},"end":{"line":52,"column":31}},"19":{"start":{"line":54,"column":4},"end":{"line":54,"column":47}},"20":{"start":{"line":58,"column":0},"end":{"line":106,"column":3}},"21":{"start":{"line":59,"column":16},"end":{"line":59,"column":65}},"22":{"start":{"line":61,"column":2},"end":{"line":63,"column":3}},"23":{"start":{"line":62,"column":4},"end":{"line":62,"column":31}},"24":{"start":{"line":65,"column":2},"end":{"line":83,"column":3}},"25":{"start":{"line":66,"column":22},"end":{"line":74,"column":5}},"26":{"start":{"line":76,"column":17},"end":{"line":76,"column":34}},"27":{"start":{"line":78,"column":4},"end":{"line":80,"column":5}},"28":{"start":{"line":79,"column":6},"end":{"line":79,"column":33}},"29":{"start":{"line":82,"column":4},"end":{"line":82,"column":24}},"30":{"start":{"line":85,"column":2},"end":{"line":105,"column":3}},"31":{"start":{"line":86,"column":26},"end":{"line":94,"column":5}},"32":{"start":{"line":96,"column":21},"end":{"line":96,"column":39}},"33":{"start":{"line":102,"column":4},"end":{"line":102,"column":30}},"34":{"start":{"line":104,"column":4},"end":{"line":104,"column":47}}},"fnMap":{"0":{"name":"(anonymous_0)","decl":{"start":{"line":16,"column":22},"end":{"line":16,"column":23}},"loc":{"start":{"line":16,"column":42},"end":{"line":56,"column":1}},"line":16},"1":{"name":"(anonymous_1)","decl":{"start":{"line":58,"column":21},"end":{"line":58,"column":22}},"loc":{"start":{"line":58,"column":41},"end":{"line":106,"column":1}},"line":58}},"branchMap":{"0":{"loc":{"start":{"line":20,"column":2},"end":{"line":22,"column":3}},"type":"if","locations":[{"start":{"line":20,"column":2},"end":{"line":22,"column":3}},{"start":{},"end":{}}],"line":20},"1":{"loc":{"start":{"line":24,"column":2},"end":{"line":26,"column":3}},"type":"if","locations":[{"start":{"line":24,"column":2},"end":{"line":26,"column":3}},{"start":{},"end":{}}],"line":24},"2":{"loc":{"start":{"line":41,"column":4},"end":{"line":43,"column":5}},"type":"if","locations":[{"start":{"line":41,"column":4},"end":{"line":43,"column":5}},{"start":{},"end":{}}],"line":41},"3":{"loc":{"start":{"line":61,"column":2},"end":{"line":63,"column":3}},"type":"if","locations":[{"start":{"line":61,"column":2},"end":{"line":63,"column":3}},{"start":{},"end":{}}],"line":61},"4":{"loc":{"start":{"line":78,"column":4},"end":{"line":80,"column":5}},"type":"if","locations":[{"start":{"line":78,"column":4},"end":{"line":80,"column":5}},{"start":{},"end":{}}],"line":78}},"s":{"0":1,"1":1,"2":1,"3":1,"4":1,"5":1,"6":0,"7":0,"8":0,"9":0,"10":0,"11":0,"12":0,"13":0,"14":0,"15":0,"16":0,"17":0,"18":0,"19":0,"20":1,"21":0,"22":0,"23":0,"24":0,"25":0,"26":0,"27":0,"28":0,"29":0,"30":0,"31":0,"32":0,"33":0,"34":0},"f":{"0":0,"1":0},"b":{"0":[0,0],"1":[0,0],"2":[0,0],"3":[0,0],"4":[0,0]},"_coverageSchema":"1a1c01bbd47fc00a2c39e90264f33305004495a9","hash":"f567bb8c882c4f96c6320bc0592988a8d2cdcf0a"}
,"/home/glaucovillasboas/Workspace/Web/Bootcamp/projeto_14_mywallet/MyWallet Back/src/setup.js": {"path":"/home/glaucovillasboas/Workspace/Web/Bootcamp/projeto_14_mywallet/MyWallet Back/src/setup.js","statementMap":{"0":{"start":{"line":3,"column":14},"end":{"line":3,"column":24}},"1":{"start":{"line":5,"column":0},"end":{"line":7,"column":1}},"2":{"start":{"line":6,"column":2},"end":{"line":6,"column":19}},"3":{"start":{"line":9,"column":0},"end":{"line":11,"column":1}},"4":{"start":{"line":10,"column":2},"end":{"line":10,"column":24}},"5":{"start":{"line":13,"column":0},"end":{"line":15,"column":3}}},"fnMap":{},"branchMap":{"0":{"loc":{"start":{"line":5,"column":0},"end":{"line":7,"column":1}},"type":"if","locations":[{"start":{"line":5,"column":0},"end":{"line":7,"column":1}},{"start":{},"end":{}}],"line":5},"1":{"loc":{"start":{"line":9,"column":0},"end":{"line":11,"column":1}},"type":"if","locations":[{"start":{"line":9,"column":0},"end":{"line":11,"column":1}},{"start":{},"end":{}}],"line":9}},"s":{"0":1,"1":1,"2":0,"3":1,"4":1,"5":1},"f":{},"b":{"0":[0,1],"1":[1,0]},"_coverageSchema":"1a1c01bbd47fc00a2c39e90264f33305004495a9","hash":"51e0d17d23b7847f6c3d979ca999810a20ee0eb3"}
,"/home/glaucovillasboas/Workspace/Web/Bootcamp/projeto_14_mywallet/MyWallet Back/src/controllers/user.controller.js": {"path":"/home/glaucovillasboas/Workspace/Web/Bootcamp/projeto_14_mywallet/MyWallet Back/src/controllers/user.controller.js","statementMap":{"0":{"start":{"line":5,"column":15},"end":{"line":21,"column":1}},"1":{"start":{"line":6,"column":2},"end":{"line":8,"column":3}},"2":{"start":{"line":7,"column":4},"end":{"line":7,"column":31}},"3":{"start":{"line":10,"column":15},"end":{"line":10,"column":53}},"4":{"start":{"line":12,"column":2},"end":{"line":14,"column":3}},"5":{"start":{"line":13,"column":4},"end":{"line":13,"column":31}},"6":{"start":{"line":16,"column":2},"end":{"line":18,"column":3}},"7":{"start":{"line":17,"column":4},"end":{"line":17,"column":31}},"8":{"start":{"line":20,"column":2},"end":{"line":20,"column":29}},"9":{"start":{"line":23,"column":15},"end":{"line":41,"column":1}},"10":{"start":{"line":24,"column":2},"end":{"line":26,"column":3}},"11":{"start":{"line":25,"column":4},"end":{"line":25,"column":31}},"12":{"start":{"line":28,"column":15},"end":{"line":28,"column":59}},"13":{"start":{"line":30,"column":2},"end":{"line":32,"column":3}},"14":{"start":{"line":31,"column":4},"end":{"line":31,"column":31}},"15":{"start":{"line":34,"column":2},"end":{"line":36,"column":3}},"16":{"start":{"line":35,"column":4},"end":{"line":35,"column":31}},"17":{"start":{"line":38,"column":2},"end":{"line":40,"column":5}}},"fnMap":{"0":{"name":"(anonymous_0)","decl":{"start":{"line":5,"column":15},"end":{"line":5,"column":16}},"loc":{"start":{"line":5,"column":35},"end":{"line":21,"column":1}},"line":5},"1":{"name":"(anonymous_1)","decl":{"start":{"line":23,"column":15},"end":{"line":23,"column":16}},"loc":{"start":{"line":23,"column":35},"end":{"line":41,"column":1}},"line":23}},"branchMap":{"0":{"loc":{"start":{"line":6,"column":2},"end":{"line":8,"column":3}},"type":"if","locations":[{"start":{"line":6,"column":2},"end":{"line":8,"column":3}},{"start":{},"end":{}}],"line":6},"1":{"loc":{"start":{"line":12,"column":2},"end":{"line":14,"column":3}},"type":"if","locations":[{"start":{"line":12,"column":2},"end":{"line":14,"column":3}},{"start":{},"end":{}}],"line":12},"2":{"loc":{"start":{"line":16,"column":2},"end":{"line":18,"column":3}},"type":"if","locations":[{"start":{"line":16,"column":2},"end":{"line":18,"column":3}},{"start":{},"end":{}}],"line":16},"3":{"loc":{"start":{"line":24,"column":2},"end":{"line":26,"column":3}},"type":"if","locations":[{"start":{"line":24,"column":2},"end":{"line":26,"column":3}},{"start":{},"end":{}}],"line":24},"4":{"loc":{"start":{"line":30,"column":2},"end":{"line":32,"column":3}},"type":"if","locations":[{"start":{"line":30,"column":2},"end":{"line":32,"column":3}},{"start":{},"end":{}}],"line":30},"5":{"loc":{"start":{"line":34,"column":2},"end":{"line":36,"column":3}},"type":"if","locations":[{"start":{"line":34,"column":2},"end":{"line":36,"column":3}},{"start":{},"end":{}}],"line":34}},"s":{"0":1,"1":3,"2":1,"3":2,"4":2,"5":1,"6":1,"7":0,"8":1,"9":1,"10":4,"11":1,"12":3,"13":3,"14":2,"15":1,"16":0,"17":1},"f":{"0":3,"1":4},"b":{"0":[1,2],"1":[1,1],"2":[0,1],"3":[1,3],"4":[2,1],"5":[0,1]},"_coverageSchema":"1a1c01bbd47fc00a2c39e90264f33305004495a9","hash":"f7a9d5c480b19906419e22a0571ba8ad8dcb4080"}
,"/home/glaucovillasboas/Workspace/Web/Bootcamp/projeto_14_mywallet/MyWallet Back/src/database/connection.js": {"path":"/home/glaucovillasboas/Workspace/Web/Bootcamp/projeto_14_mywallet/MyWallet Back/src/database/connection.js","statementMap":{"0":{"start":{"line":3,"column":17},"end":{"line":3,"column":19}},"1":{"start":{"line":5,"column":15},"end":{"line":11,"column":1}},"2":{"start":{"line":13,"column":0},"end":{"line":20,"column":1}},"3":{"start":{"line":14,"column":2},"end":{"line":19,"column":4}},"4":{"start":{"line":22,"column":19},"end":{"line":22,"column":37}}},"fnMap":{},"branchMap":{"0":{"loc":{"start":{"line":13,"column":0},"end":{"line":20,"column":1}},"type":"if","locations":[{"start":{"line":13,"column":0},"end":{"line":20,"column":1}},{"start":{},"end":{}}],"line":13}},"s":{"0":1,"1":1,"2":1,"3":0,"4":1},"f":{},"b":{"0":[0,1]},"_coverageSchema":"1a1c01bbd47fc00a2c39e90264f33305004495a9","hash":"19a9cb30c25aa9e2e0157714b7a2ad156031b050"}
,"/home/glaucovillasboas/Workspace/Web/Bootcamp/projeto_14_mywallet/MyWallet Back/src/repositories/session.repository.js": {"path":"/home/glaucovillasboas/Workspace/Web/Bootcamp/projeto_14_mywallet/MyWallet Back/src/repositories/session.repository.js","statementMap":{"0":{"start":{"line":3,"column":28},"end":{"line":10,"column":1}},"1":{"start":{"line":4,"column":18},"end":{"line":7,"column":3}},"2":{"start":{"line":9,"column":2},"end":{"line":9,"column":25}}},"fnMap":{"0":{"name":"(anonymous_0)","decl":{"start":{"line":3,"column":28},"end":{"line":3,"column":29}},"loc":{"start":{"line":3,"column":50},"end":{"line":10,"column":1}},"line":3}},"branchMap":{},"s":{"0":1,"1":1,"2":1},"f":{"0":1},"b":{},"_coverageSchema":"1a1c01bbd47fc00a2c39e90264f33305004495a9","hash":"a7ff16bd89ecbbace54361e98dfa669bfa3e8b2d"}
,"/home/glaucovillasboas/Workspace/Web/Bootcamp/projeto_14_mywallet/MyWallet Back/src/repositories/user.repository.js": {"path":"/home/glaucovillasboas/Workspace/Web/Bootcamp/projeto_14_mywallet/MyWallet Back/src/repositories/user.repository.js","statementMap":{"0":{"start":{"line":3,"column":19},"end":{"line":14,"column":1}},"1":{"start":{"line":4,"column":2},"end":{"line":13,"column":3}},"2":{"start":{"line":5,"column":17},"end":{"line":8,"column":5}},"3":{"start":{"line":10,"column":4},"end":{"line":10,"column":21}},"4":{"start":{"line":12,"column":4},"end":{"line":12,"column":14}},"5":{"start":{"line":16,"column":22},"end":{"line":26,"column":1}},"6":{"start":{"line":17,"column":2},"end":{"line":25,"column":3}},"7":{"start":{"line":18,"column":17},"end":{"line":21,"column":5}},"8":{"start":{"line":22,"column":4},"end":{"line":22,"column":24}},"9":{"start":{"line":24,"column":4},"end":{"line":24,"column":14}},"10":{"start":{"line":28,"column":24},"end":{"line":35,"column":1}},"11":{"start":{"line":29,"column":37},"end":{"line":32,"column":3}},"12":{"start":{"line":34,"column":2},"end":{"line":34,"column":44}}},"fnMap":{"0":{"name":"(anonymous_0)","decl":{"start":{"line":3,"column":19},"end":{"line":3,"column":20}},"loc":{"start":{"line":3,"column":56},"end":{"line":14,"column":1}},"line":3},"1":{"name":"(anonymous_1)","decl":{"start":{"line":16,"column":22},"end":{"line":16,"column":23}},"loc":{"start":{"line":16,"column":51},"end":{"line":26,"column":1}},"line":16},"2":{"name":"(anonymous_2)","decl":{"start":{"line":28,"column":24},"end":{"line":28,"column":25}},"loc":{"start":{"line":28,"column":45},"end":{"line":35,"column":1}},"line":28}},"branchMap":{},"s":{"0":1,"1":4,"2":4,"3":4,"4":0,"5":1,"6":1,"7":1,"8":1,"9":0,"10":1,"11":5,"12":5},"f":{"0":4,"1":1,"2":5},"b":{},"_coverageSchema":"1a1c01bbd47fc00a2c39e90264f33305004495a9","hash":"3044d99d653cb4b502a5730039408a34719543ba"}
,"/home/glaucovillasboas/Workspace/Web/Bootcamp/projeto_14_mywallet/MyWallet Back/src/schemas/user.schema.js": {"path":"/home/glaucovillasboas/Workspace/Web/Bootcamp/projeto_14_mywallet/MyWallet Back/src/schemas/user.schema.js","statementMap":{"0":{"start":{"line":3,"column":15},"end":{"line":7,"column":2}},"1":{"start":{"line":9,"column":15},"end":{"line":12,"column":2}}},"fnMap":{},"branchMap":{},"s":{"0":1,"1":1},"f":{},"b":{},"_coverageSchema":"1a1c01bbd47fc00a2c39e90264f33305004495a9","hash":"95a1ce63728ea02591cdb424ba378bbce3aacb5a"}
,"/home/glaucovillasboas/Workspace/Web/Bootcamp/projeto_14_mywallet/MyWallet Back/src/services/session.service.js": {"path":"/home/glaucovillasboas/Workspace/Web/Bootcamp/projeto_14_mywallet/MyWallet Back/src/services/session.service.js","statementMap":{"0":{"start":{"line":6,"column":22},"end":{"line":39,"column":1}},"1":{"start":{"line":7,"column":15},"end":{"line":7,"column":62}},"2":{"start":{"line":9,"column":2},"end":{"line":11,"column":3}},"3":{"start":{"line":10,"column":4},"end":{"line":10,"column":16}},"4":{"start":{"line":13,"column":2},"end":{"line":15,"column":3}},"5":{"start":{"line":14,"column":4},"end":{"line":14,"column":16}},"6":{"start":{"line":18,"column":25},"end":{"line":24,"column":3}},"7":{"start":{"line":19,"column":4},"end":{"line":23,"column":6}},"8":{"start":{"line":26,"column":26},"end":{"line":26,"column":90}},"9":{"start":{"line":27,"column":2},"end":{"line":36,"column":3}},"10":{"start":{"line":28,"column":4},"end":{"line":28,"column":21}},"11":{"start":{"line":30,"column":4},"end":{"line":35,"column":5}},"12":{"start":{"line":31,"column":6},"end":{"line":31,"column":64}},"13":{"start":{"line":32,"column":6},"end":{"line":32,"column":36}},"14":{"start":{"line":34,"column":6},"end":{"line":34,"column":23}},"15":{"start":{"line":38,"column":2},"end":{"line":38,"column":66}}},"fnMap":{"0":{"name":"(anonymous_0)","decl":{"start":{"line":6,"column":22},"end":{"line":6,"column":23}},"loc":{"start":{"line":6,"column":53},"end":{"line":39,"column":1}},"line":6},"1":{"name":"(anonymous_1)","decl":{"start":{"line":18,"column":25},"end":{"line":18,"column":26}},"loc":{"start":{"line":18,"column":31},"end":{"line":24,"column":3}},"line":18}},"branchMap":{"0":{"loc":{"start":{"line":9,"column":2},"end":{"line":11,"column":3}},"type":"if","locations":[{"start":{"line":9,"column":2},"end":{"line":11,"column":3}},{"start":{},"end":{}}],"line":9},"1":{"loc":{"start":{"line":13,"column":2},"end":{"line":15,"column":3}},"type":"if","locations":[{"start":{"line":13,"column":2},"end":{"line":15,"column":3}},{"start":{},"end":{}}],"line":13},"2":{"loc":{"start":{"line":27,"column":2},"end":{"line":36,"column":3}},"type":"if","locations":[{"start":{"line":27,"column":2},"end":{"line":36,"column":3}},{"start":{"line":29,"column":9},"end":{"line":36,"column":3}}],"line":27}},"s":{"0":1,"1":3,"2":3,"3":1,"4":2,"5":1,"6":1,"7":1,"8":1,"9":1,"10":1,"11":0,"12":0,"13":0,"14":0,"15":1},"f":{"0":3,"1":1},"b":{"0":[1,2],"1":[1,1],"2":[1,0]},"_coverageSchema":"1a1c01bbd47fc00a2c39e90264f33305004495a9","hash":"6b73691c8fa9147f346fbd474344a2f96fa92b38"}
,"/home/glaucovillasboas/Workspace/Web/Bootcamp/projeto_14_mywallet/MyWallet Back/src/services/user.service.js": {"path":"/home/glaucovillasboas/Workspace/Web/Bootcamp/projeto_14_mywallet/MyWallet Back/src/services/user.service.js","statementMap":{"0":{"start":{"line":4,"column":19},"end":{"line":14,"column":1}},"1":{"start":{"line":5,"column":15},"end":{"line":5,"column":62}},"2":{"start":{"line":7,"column":2},"end":{"line":9,"column":3}},"3":{"start":{"line":8,"column":4},"end":{"line":8,"column":16}},"4":{"start":{"line":11,"column":25},"end":{"line":11,"column":54}},"5":{"start":{"line":12,"column":22},"end":{"line":12,"column":96}},"6":{"start":{"line":13,"column":2},"end":{"line":13,"column":21}}},"fnMap":{"0":{"name":"(anonymous_0)","decl":{"start":{"line":4,"column":19},"end":{"line":4,"column":20}},"loc":{"start":{"line":4,"column":56},"end":{"line":14,"column":1}},"line":4}},"branchMap":{"0":{"loc":{"start":{"line":7,"column":2},"end":{"line":9,"column":3}},"type":"if","locations":[{"start":{"line":7,"column":2},"end":{"line":9,"column":3}},{"start":{},"end":{}}],"line":7}},"s":{"0":1,"1":2,"2":2,"3":1,"4":1,"5":1,"6":1},"f":{"0":2},"b":{"0":[1,1]},"_coverageSchema":"1a1c01bbd47fc00a2c39e90264f33305004495a9","hash":"012210bed349da3f04c0e048e4ede30b8e7b69d0"}
,"/home/glaucovillasboas/Workspace/Web/Bootcamp/projeto_14_mywallet/MyWallet Back/src/validation/validateCashFlow.js": {"path":"/home/glaucovillasboas/Workspace/Web/Bootcamp/projeto_14_mywallet/MyWallet Back/src/validation/validateCashFlow.js","statementMap":{"0":{"start":{"line":3,"column":25},"end":{"line":6,"column":2}}},"fnMap":{},"branchMap":{},"s":{"0":1},"f":{},"b":{},"_coverageSchema":"1a1c01bbd47fc00a2c39e90264f33305004495a9","hash":"4f38f3b69d8176671c329cfad9269b95fc6faf42"}
,"/home/glaucovillasboas/Workspace/Web/Bootcamp/projeto_14_mywallet/MyWallet Back/tests/factories/user.factory.js": {"path":"/home/glaucovillasboas/Workspace/Web/Bootcamp/projeto_14_mywallet/MyWallet Back/tests/factories/user.factory.js","statementMap":{"0":{"start":{"line":5,"column":19},"end":{"line":25,"column":1}},"1":{"start":{"line":6,"column":23},"end":{"line":6,"column":60}},"2":{"start":{"line":7,"column":19},"end":{"line":7,"column":48}},"3":{"start":{"line":8,"column":20},"end":{"line":8,"column":51}},"4":{"start":{"line":9,"column":25},"end":{"line":9,"column":70}},"5":{"start":{"line":11,"column":22},"end":{"line":17,"column":3}},"6":{"start":{"line":19,"column":2},"end":{"line":24,"column":4}},"7":{"start":{"line":27,"column":23},"end":{"line":37,"column":1}},"8":{"start":{"line":28,"column":23},"end":{"line":28,"column":60}},"9":{"start":{"line":29,"column":19},"end":{"line":29,"column":48}},"10":{"start":{"line":30,"column":20},"end":{"line":30,"column":51}},"11":{"start":{"line":32,"column":2},"end":{"line":36,"column":4}}},"fnMap":{"0":{"name":"(anonymous_0)","decl":{"start":{"line":5,"column":19},"end":{"line":5,"column":20}},"loc":{"start":{"line":5,"column":61},"end":{"line":25,"column":1}},"line":5},"1":{"name":"(anonymous_1)","decl":{"start":{"line":27,"column":23},"end":{"line":27,"column":24}},"loc":{"start":{"line":27,"column":59},"end":{"line":37,"column":1}},"line":27}},"branchMap":{"0":{"loc":{"start":{"line":5,"column":26},"end":{"line":5,"column":56}},"type":"default-arg","locations":[{"start":{"line":5,"column":54},"end":{"line":5,"column":56}}],"line":5},"1":{"loc":{"start":{"line":6,"column":23},"end":{"line":6,"column":60}},"type":"binary-expr","locations":[{"start":{"line":6,"column":23},"end":{"line":6,"column":31}},{"start":{"line":6,"column":35},"end":{"line":6,"column":60}}],"line":6},"2":{"loc":{"start":{"line":7,"column":19},"end":{"line":7,"column":48}},"type":"binary-expr","locations":[{"start":{"line":7,"column":19},"end":{"line":7,"column":23}},{"start":{"line":7,"column":27},"end":{"line":7,"column":48}}],"line":7},"3":{"loc":{"start":{"line":8,"column":20},"end":{"line":8,"column":51}},"type":"binary-expr","locations":[{"start":{"line":8,"column":20},"end":{"line":8,"column":25}},{"start":{"line":8,"column":29},"end":{"line":8,"column":51}}],"line":8},"4":{"loc":{"start":{"line":9,"column":41},"end":{"line":9,"column":65}},"type":"binary-expr","locations":[{"start":{"line":9,"column":41},"end":{"line":9,"column":49}},{"start":{"line":9,"column":53},"end":{"line":9,"column":65}}],"line":9},"5":{"loc":{"start":{"line":27,"column":24},"end":{"line":27,"column":54}},"type":"default-arg","locations":[{"start":{"line":27,"column":52},"end":{"line":27,"column":54}}],"line":27},"6":{"loc":{"start":{"line":28,"column":23},"end":{"line":28,"column":60}},"type":"binary-expr","locations":[{"start":{"line":28,"column":23},"end":{"line":28,"column":31}},{"start":{"line":28,"column":35},"end":{"line":28,"column":60}}],"line":28},"7":{"loc":{"start":{"line":29,"column":19},"end":{"line":29,"column":48}},"type":"binary-expr","locations":[{"start":{"line":29,"column":19},"end":{"line":29,"column":23}},{"start":{"line":29,"column":27},"end":{"line":29,"column":48}}],"line":29},"8":{"loc":{"start":{"line":30,"column":20},"end":{"line":30,"column":51}},"type":"binary-expr","locations":[{"start":{"line":30,"column":20},"end":{"line":30,"column":25}},{"start":{"line":30,"column":29},"end":{"line":30,"column":51}}],"line":30}},"s":{"0":1,"1":3,"2":3,"3":3,"4":3,"5":3,"6":3,"7":1,"8":4,"9":4,"10":4,"11":4},"f":{"0":3,"1":4},"b":{"0":[1],"1":[3,1],"2":[3,3],"3":[3,1],"4":[3,1],"5":[1],"6":[4,4],"7":[4,4],"8":[4,4]},"_coverageSchema":"1a1c01bbd47fc00a2c39e90264f33305004495a9","hash":"0a6939d805b5dd76e29383adf3eaf853bb718e51"}
,"/home/glaucovillasboas/Workspace/Web/Bootcamp/projeto_14_mywallet/MyWallet Back/tests/utils/database.js": {"path":"/home/glaucovillasboas/Workspace/Web/Bootcamp/projeto_14_mywallet/MyWallet Back/tests/utils/database.js","statementMap":{"0":{"start":{"line":4,"column":2},"end":{"line":4,"column":51}},"1":{"start":{"line":5,"column":2},"end":{"line":5,"column":48}},"2":{"start":{"line":9,"column":2},"end":{"line":9,"column":25}}},"fnMap":{"0":{"name":"clearDatabase","decl":{"start":{"line":3,"column":22},"end":{"line":3,"column":35}},"loc":{"start":{"line":3,"column":38},"end":{"line":6,"column":1}},"line":3},"1":{"name":"closeConnection","decl":{"start":{"line":8,"column":22},"end":{"line":8,"column":37}},"loc":{"start":{"line":8,"column":40},"end":{"line":10,"column":1}},"line":8}},"branchMap":{},"s":{"0":8,"1":8,"2":1},"f":{"0":8,"1":1},"b":{},"_coverageSchema":"1a1c01bbd47fc00a2c39e90264f33305004495a9","hash":"7960fe9afdff5bbbc964e8dc1eceadb3d5e5c69f"}
}
