TN:
SF:src/app.js
FNF:0
FNH:0
DA:8,2
DA:9,2
DA:10,2
DA:12,2
DA:14,2
DA:16,2
DA:18,2
LF:7
LH:7
BRF:0
BRH:0
end_of_record
TN:
SF:src/setup.js
FNF:0
FNH:0
DA:3,2
DA:5,2
DA:6,0
DA:9,2
DA:10,2
DA:13,2
LF:6
LH:5
BRDA:5,0,0,0
BRDA:5,0,1,2
BRDA:9,1,0,2
BRDA:9,1,1,0
BRF:4
BRH:2
end_of_record
TN:
SF:src/controllers/transactions.controller.js
FN:4,(anonymous_0)
FN:21,(anonymous_1)
FNF:2
FNH:2
FNDA:2,(anonymous_0)
FNDA:2,(anonymous_1)
DA:4,2
DA:5,2
DA:6,0
DA:9,2
DA:10,2
DA:12,2
DA:14,2
DA:15,0
DA:18,2
DA:21,2
DA:22,2
DA:23,2
DA:24,2
DA:25,0
DA:28,2
LF:15
LH:12
BRDA:5,0,0,0
BRDA:5,0,1,2
BRDA:14,1,0,0
BRDA:14,1,1,2
BRDA:24,2,0,0
BRDA:24,2,1,2
BRF:6
BRH:3
end_of_record
TN:
SF:src/controllers/user.controller.js
FN:5,(anonymous_0)
FN:23,(anonymous_1)
FNF:2
FNH:2
FNDA:3,(anonymous_0)
FNDA:4,(anonymous_1)
DA:5,2
DA:6,3
DA:7,1
DA:10,2
DA:12,2
DA:13,1
DA:16,1
DA:17,0
DA:20,1
DA:23,2
DA:24,4
DA:25,1
DA:28,3
DA:30,3
DA:31,2
DA:34,1
DA:35,0
DA:38,1
LF:18
LH:16
BRDA:6,0,0,1
BRDA:6,0,1,2
BRDA:12,1,0,1
BRDA:12,1,1,1
BRDA:16,2,0,0
BRDA:16,2,1,1
BRDA:24,3,0,1
BRDA:24,3,1,3
BRDA:30,4,0,2
BRDA:30,4,1,1
BRDA:34,5,0,0
BRDA:34,5,1,1
BRF:12
BRH:10
end_of_record
TN:
SF:src/database/connection.js
FNF:0
FNH:0
DA:3,2
DA:5,2
DA:13,2
DA:14,0
DA:22,2
LF:5
LH:4
BRDA:13,0,0,0
BRDA:13,0,1,2
BRF:2
BRH:1
end_of_record
TN:
SF:src/middlewares/auth.js
FN:3,(anonymous_0)
FNF:1
FNH:1
FNDA:10,(anonymous_0)
DA:3,2
DA:4,10
DA:5,10
DA:7,10
DA:8,2
DA:13,8
DA:14,8
DA:16,4
DA:19,4
DA:20,0
DA:23,4
DA:24,4
LF:12
LH:11
BRDA:4,0,0,10
BRDA:4,0,1,2
BRDA:7,1,0,2
BRDA:7,1,1,8
BRDA:19,2,0,0
BRDA:19,2,1,4
BRF:6
BRH:5
end_of_record
TN:
SF:src/repositories/session.repository.js
FN:3,(anonymous_0)
FNF:1
FNH:1
FNDA:5,(anonymous_0)
DA:3,2
DA:4,5
DA:9,5
LF:3
LH:3
BRF:0
BRH:0
end_of_record
TN:
SF:src/repositories/transactions.repository.js
FN:3,(anonymous_0)
FN:16,(anonymous_1)
FNF:2
FNH:2
FNDA:2,(anonymous_0)
FNDA:2,(anonymous_1)
DA:3,2
DA:4,2
DA:5,2
DA:10,2
DA:12,0
DA:16,2
DA:17,2
DA:18,2
DA:26,2
DA:28,0
LF:10
LH:8
BRF:0
BRH:0
end_of_record
TN:
SF:src/repositories/user.repository.js
FN:3,(anonymous_0)
FN:16,(anonymous_1)
FN:28,(anonymous_2)
FNF:3
FNH:3
FNDA:8,(anonymous_0)
FNDA:5,(anonymous_1)
FNDA:9,(anonymous_2)
DA:3,2
DA:4,8
DA:5,8
DA:10,8
DA:12,0
DA:16,2
DA:17,5
DA:18,5
DA:22,3
DA:24,2
DA:28,2
DA:29,9
DA:34,9
LF:13
LH:12
BRF:0
BRH:0
end_of_record
TN:
SF:src/schemas/transactions.schema.js
FNF:0
FNH:0
DA:3,2
LF:1
LH:1
BRF:0
BRH:0
end_of_record
TN:
SF:src/schemas/user.schema.js
FNF:0
FNH:0
DA:3,2
DA:9,2
LF:2
LH:2
BRF:0
BRH:0
end_of_record
TN:
SF:src/services/session.service.js
FN:6,(anonymous_0)
FN:18,(anonymous_1)
FNF:2
FNH:2
FNDA:7,(anonymous_0)
FNDA:5,(anonymous_1)
DA:6,2
DA:7,7
DA:9,7
DA:10,1
DA:13,6
DA:14,1
DA:18,5
DA:19,5
DA:26,5
DA:27,5
DA:28,5
DA:30,0
DA:31,0
DA:32,0
DA:34,0
DA:38,5
LF:16
LH:12
BRDA:9,0,0,1
BRDA:9,0,1,6
BRDA:13,1,0,1
BRDA:13,1,1,5
BRDA:27,2,0,5
BRDA:27,2,1,0
BRF:6
BRH:5
end_of_record
TN:
SF:src/services/transactions.service.js
FN:4,(anonymous_0)
FN:8,(anonymous_1)
FN:11,(anonymous_2)
FNF:3
FNH:3
FNDA:2,(anonymous_0)
FNDA:2,(anonymous_1)
FNDA:2,(anonymous_2)
DA:4,2
DA:5,2
DA:8,2
DA:9,2
DA:10,2
DA:11,2
DA:15,2
LF:7
LH:7
BRF:0
BRH:0
end_of_record
TN:
SF:src/services/user.service.js
FN:4,(anonymous_0)
FNF:1
FNH:1
FNDA:2,(anonymous_0)
DA:4,2
DA:5,2
DA:7,2
DA:8,1
DA:11,1
DA:12,1
DA:13,1
LF:7
LH:7
BRDA:7,0,0,1
BRDA:7,0,1,1
BRF:2
BRH:2
end_of_record
TN:
SF:tests/factories/session.factory.js
FN:4,(anonymous_0)
FNF:1
FNH:1
FNDA:4,(anonymous_0)
DA:4,1
DA:5,4
DA:11,4
DA:16,4
LF:4
LH:4
BRDA:4,0,0,4
BRF:1
BRH:1
end_of_record
TN:
SF:tests/factories/transactions.factory.js
FN:4,(anonymous_0)
FN:11,(anonymous_1)
FNF:2
FNH:1
FNDA:3,(anonymous_0)
FNDA:0,(anonymous_1)
DA:4,3
DA:11,1
DA:12,0
DA:13,0
DA:17,0
LF:5
LH:2
BRDA:4,0,0,3
BRDA:5,1,0,3
BRDA:5,1,1,3
BRDA:11,2,0,0
BRF:4
BRH:3
end_of_record
TN:
SF:tests/factories/user.factory.js
FN:5,(anonymous_0)
FN:27,(anonymous_1)
FNF:2
FNH:2
FNDA:7,(anonymous_0)
FNDA:4,(anonymous_1)
DA:5,2
DA:6,7
DA:7,7
DA:8,7
DA:9,7
DA:11,7
DA:19,7
DA:27,2
DA:28,4
DA:29,4
DA:30,4
DA:32,4
LF:12
LH:12
BRDA:5,0,0,1
BRDA:6,1,0,7
BRDA:6,1,1,5
BRDA:7,2,0,7
BRDA:7,2,1,7
BRDA:8,3,0,7
BRDA:8,3,1,5
BRDA:9,4,0,7
BRDA:9,4,1,5
BRDA:27,5,0,1
BRDA:28,6,0,4
BRDA:28,6,1,4
BRDA:29,7,0,4
BRDA:29,7,1,4
BRDA:30,8,0,4
BRDA:30,8,1,4
BRF:16
BRH:16
end_of_record
TN:
SF:tests/utils/database.js
FN:3,clearDatabase
FN:9,closeConnection
FNF:2
FNH:2
FNDA:17,clearDatabase
FNDA:2,closeConnection
DA:4,17
DA:5,17
DA:6,17
DA:10,2
LF:4
LH:4
BRF:0
BRH:0
end_of_record
