TN:
SF:src/app.js
FN:16,(anonymous_0)
FN:58,(anonymous_1)
FNF:2
FNH:0
FNDA:0,(anonymous_0)
FNDA:0,(anonymous_1)
DA:8,1
DA:9,1
DA:10,1
DA:12,1
DA:14,1
DA:16,1
DA:17,0
DA:18,0
DA:20,0
DA:21,0
DA:24,0
DA:25,0
DA:28,0
DA:29,0
DA:39,0
DA:41,0
DA:42,0
DA:45,0
DA:52,0
DA:54,0
DA:58,1
DA:59,0
DA:61,0
DA:62,0
DA:65,0
DA:66,0
DA:76,0
DA:78,0
DA:79,0
DA:82,0
DA:85,0
DA:86,0
DA:96,0
DA:102,0
DA:104,0
LF:35
LH:7
BRDA:20,0,0,0
BRDA:20,0,1,0
BRDA:24,1,0,0
BRDA:24,1,1,0
BRDA:41,2,0,0
BRDA:41,2,1,0
BRDA:61,3,0,0
BRDA:61,3,1,0
BRDA:78,4,0,0
BRDA:78,4,1,0
BRF:10
BRH:0
end_of_record
TN:
SF:src/setup.js
FNF:0
FNH:0
DA:3,1
DA:5,1
DA:6,0
DA:9,1
DA:10,1
DA:13,1
LF:6
LH:5
BRDA:5,0,0,0
BRDA:5,0,1,1
BRDA:9,1,0,1
BRDA:9,1,1,0
BRF:4
BRH:2
end_of_record
TN:
SF:src/controllers/user.controller.js
FN:5,(anonymous_0)
FN:23,(anonymous_1)
FNF:2
FNH:2
FNDA:3,(anonymous_0)
FNDA:1,(anonymous_1)
DA:5,1
DA:6,3
DA:7,1
DA:10,2
DA:12,2
DA:13,1
DA:16,1
DA:17,0
DA:20,1
DA:23,1
DA:24,1
DA:25,1
DA:28,0
DA:30,0
DA:31,0
DA:34,0
DA:35,0
DA:38,0
LF:18
LH:11
BRDA:6,0,0,1
BRDA:6,0,1,2
BRDA:12,1,0,1
BRDA:12,1,1,1
BRDA:16,2,0,0
BRDA:16,2,1,1
BRDA:24,3,0,1
BRDA:24,3,1,0
BRDA:30,4,0,0
BRDA:30,4,1,0
BRDA:34,5,0,0
BRDA:34,5,1,0
BRF:12
BRH:6
end_of_record
TN:
SF:src/database/connection.js
FNF:0
FNH:0
DA:3,1
DA:5,1
DA:13,1
DA:14,0
DA:22,1
LF:5
LH:4
BRDA:13,0,0,0
BRDA:13,0,1,1
BRF:2
BRH:1
end_of_record
TN:
SF:src/repositories/session.repository.js
FN:3,(anonymous_0)
FNF:1
FNH:0
FNDA:0,(anonymous_0)
DA:3,1
DA:4,0
DA:9,0
LF:3
LH:1
BRF:0
BRH:0
end_of_record
TN:
SF:src/repositories/user.repository.js
FN:3,(anonymous_0)
FN:16,(anonymous_1)
FN:28,(anonymous_2)
FNF:3
FNH:2
FNDA:3,(anonymous_0)
FNDA:0,(anonymous_1)
FNDA:2,(anonymous_2)
DA:3,1
DA:4,3
DA:5,3
DA:10,3
DA:12,0
DA:16,1
DA:17,0
DA:18,0
DA:22,0
DA:24,0
DA:28,1
DA:29,2
DA:34,2
LF:13
LH:8
BRF:0
BRH:0
end_of_record
TN:
SF:src/schemas/user.schema.js
FNF:0
FNH:0
DA:3,1
DA:9,1
LF:2
LH:2
BRF:0
BRH:0
end_of_record
TN:
SF:src/services/session.service.js
FN:6,(anonymous_0)
FN:18,(anonymous_1)
FNF:2
FNH:0
FNDA:0,(anonymous_0)
FNDA:0,(anonymous_1)
DA:6,1
DA:7,0
DA:9,0
DA:10,0
DA:13,0
DA:14,0
DA:18,0
DA:19,0
DA:26,0
DA:27,0
DA:28,0
DA:30,0
DA:31,0
DA:32,0
DA:34,0
DA:38,0
LF:16
LH:1
BRDA:9,0,0,0
BRDA:9,0,1,0
BRDA:13,1,0,0
BRDA:13,1,1,0
BRDA:27,2,0,0
BRDA:27,2,1,0
BRF:6
BRH:0
end_of_record
TN:
SF:src/services/user.service.js
FN:4,(anonymous_0)
FNF:1
FNH:1
FNDA:2,(anonymous_0)
DA:4,1
DA:5,2
DA:7,2
DA:8,1
DA:11,1
DA:12,1
DA:13,1
LF:7
LH:7
BRDA:7,0,0,1
BRDA:7,0,1,1
BRF:2
BRH:2
end_of_record
TN:
SF:src/validation/validateCashFlow.js
FNF:0
FNH:0
DA:3,1
LF:1
LH:1
BRF:0
BRH:0
end_of_record
TN:
SF:tests/factories/user.factory.js
FN:5,(anonymous_0)
FN:27,(anonymous_1)
FNF:2
FNH:2
FNDA:2,(anonymous_0)
FNDA:1,(anonymous_1)
DA:5,1
DA:6,2
DA:7,2
DA:8,2
DA:9,2
DA:11,2
DA:19,2
DA:27,1
DA:28,1
DA:29,1
DA:30,1
DA:32,1
LF:12
LH:12
BRDA:5,0,0,2
BRDA:6,1,0,2
BRDA:6,1,1,2
BRDA:7,2,0,2
BRDA:7,2,1,2
BRDA:8,3,0,2
BRDA:8,3,1,2
BRDA:9,4,0,2
BRDA:9,4,1,2
BRDA:27,5,0,1
BRDA:28,6,0,1
BRDA:28,6,1,1
BRDA:29,7,0,1
BRDA:29,7,1,1
BRDA:30,8,0,1
BRDA:30,8,1,1
BRF:16
BRH:16
end_of_record
TN:
SF:tests/utils/database.js
FN:3,clearDatabase
FN:7,closeConnection
FNF:2
FNH:2
FNDA:5,clearDatabase
FNDA:1,closeConnection
DA:4,5
DA:8,1
LF:2
LH:2
BRF:0
BRH:0
end_of_record
